<?xml version="1.0" encoding="UTF-8"?>
<testsuite name="com.thoughtworks.Wallet.WalletTest" tests="2" skipped="0" failures="0" errors="0" timestamp="2022-04-18T13:23:01" hostname="Ramprakashs-MacBook-Pro.local" time="0.032">
  <properties/>
  <testcase name="shouldDisplayTransactionDetailsWhenAskedForIt()" classname="com.thoughtworks.Wallet.WalletTest" time="0.025"/>
  <testcase name="shouldAddMoneyToWalletWhenAmountIsGiven()" classname="com.thoughtworks.Wallet.WalletTest" time="0.006"/>
  <system-out><![CDATA[]]></system-out>
  <system-err><![CDATA[]]></system-err>
</testsuite>
